This file contains any messages produced by compilers while
running configure, to aid debugging if configure makes a mistake.

It was created by configure, which was
generated by GNU Autoconf 2.69.  Invocation command line was

  $ ./configure 

## --------- ##
## Platform. ##
## --------- ##

hostname = localhost
uname -m = x86_64
uname -r = 15.0.0
uname -s = Darwin
uname -v = Darwin Kernel Version 15.0.0: Sat Sep 19 15:53:46 PDT 2015; root:xnu-3247.10.11~1/RELEASE_X86_64

/usr/bin/uname -p = i386
/bin/uname -X     = unknown

/bin/arch              = unknown
/usr/bin/arch -k       = unknown
/usr/convex/getsysinfo = unknown
/usr/bin/hostinfo      = Mach kernel version:
	 Darwin Kernel Version 15.0.0: Sat Sep 19 15:53:46 PDT 2015; root:xnu-3247.10.11~1/RELEASE_X86_64
Kernel configured for up to 4 processors.
2 processors are physically available.
4 processors are logically available.
Processor type: x86_64h (Intel x86-64h Haswell)
Processors active: 0 1 2 3
Primary memory available: 8.00 gigabytes
Default processor set: 271 tasks, 1402 threads, 4 processors
Load average: 3.10, Mach factor: 1.06
/bin/machine           = unknown
/usr/bin/oslevel       = unknown
/bin/universe          = unknown

PATH: /Users/didi/.rvm/gems/ruby-2.4.1/bin
PATH: /Users/didi/.rvm/gems/ruby-2.4.1@global/bin
PATH: /Users/didi/.rvm/rubies/ruby-2.4.1/bin
PATH: /Users/didi/CRClientTools/arcanist/bin
PATH: /usr/local/opt/bison/bin
PATH: /Users/didi/java/gradle/bin
PATH: /usr/local/opt/php@7.0/bin
PATH: /Users/didi/goLang/bin
PATH: /Users/didi/blog/jekyll
PATH: /Users/didi/pear/bin
PATH:  /usr/local/Cellar/curl/7.55.1/bin
PATH: /Users/didi/pig/pig/bin
PATH: /Users/didi/hbase/hbase/bin
PATH: /Users/didi/.rvm/rubies/ruby-2.4.1/bin
PATH: /usr/local/bin
PATH: /usr/bin
PATH: /bin
PATH: /usr/sbin
PATH: /sbin
PATH: /usr/local/go/bin
PATH: /usr/local/Cellar/gv/3.7.4
PATH: /Users/didi/goLang
PATH: /Users/didi/PhpstormProjects/go
PATH: /Users/didi/goLang/src/github.com/lantern/archive/bin
PATH: /usr/local/go/pkg/tool/darwin_amd64/
PATH: /usr/local/lib/python2.7/site-packages/
PATH: /Users/didi/jupyter/ticket/
PATH: /Users/didi/scala/bin
PATH: /Users/didi/spark/spark/bin
PATH: /Library/Internet Plug-Ins/JavaAppletPlugin.plugin/Contents/Home/bin
PATH: /Library/Java/JavaVirtualMachines/jdk1.8.0_144.jdk/Contents/Home//bin
PATH: /Users/didi/.composer/vendor/bin
PATH: /Users/didi/hadoop/hadoop/bin
PATH: /Users/didi/hadoop/hadoop/sbin
PATH: /Users/didi/hive/hive/bin
PATH: /Users/didi/hive/derby/bin
PATH: /Users/didi/maven/bin
PATH: /Users/didi/.rvm/bin
PATH: /Users/didi/goLang/FlameGraph


## ----------- ##
## Core tests. ##
## ----------- ##

configure:2296: checking for grep that handles long lines and -e
configure:2354: result: /usr/bin/grep
configure:2359: checking for egrep
configure:2421: result: /usr/bin/grep -E
configure:2426: checking for a sed that does not truncate output
configure:2480: result: /usr/bin/sed
configure:2619: checking for cc
configure:2635: found /usr/bin/cc
configure:2646: result: cc
configure:2677: checking for C compiler version
configure:2686: cc --version >&5
Apple LLVM version 8.0.0 (clang-800.0.42.1)
Target: x86_64-apple-darwin15.0.0
Thread model: posix
InstalledDir: /Library/Developer/CommandLineTools/usr/bin
configure:2697: $? = 0
configure:2686: cc -v >&5
Apple LLVM version 8.0.0 (clang-800.0.42.1)
Target: x86_64-apple-darwin15.0.0
Thread model: posix
InstalledDir: /Library/Developer/CommandLineTools/usr/bin
configure:2697: $? = 0
configure:2686: cc -V >&5
clang: error: argument to '-V' is missing (expected 1 value)
clang: error: no input files
configure:2697: $? = 1
configure:2686: cc -qversion >&5
clang: error: unknown argument: '-qversion'
clang: error: no input files
configure:2697: $? = 1
configure:2717: checking whether the C compiler works
configure:2739: cc    conftest.c  >&5
configure:2743: $? = 0
configure:2791: result: yes
configure:2794: checking for C compiler default output file name
configure:2796: result: a.out
configure:2802: checking for suffix of executables
configure:2809: cc -o conftest    conftest.c  >&5
configure:2813: $? = 0
configure:2835: result: 
configure:2857: checking whether we are cross compiling
configure:2865: cc -o conftest    conftest.c  >&5
configure:2869: $? = 0
configure:2876: ./conftest
configure:2880: $? = 0
configure:2895: result: no
configure:2900: checking for suffix of object files
configure:2922: cc -c   conftest.c >&5
configure:2926: $? = 0
configure:2947: result: o
configure:2951: checking whether we are using the GNU C compiler
configure:2970: cc -c   conftest.c >&5
configure:2970: $? = 0
configure:2979: result: yes
configure:2988: checking whether cc accepts -g
configure:3008: cc -c -g  conftest.c >&5
configure:3008: $? = 0
configure:3049: result: yes
configure:3066: checking for cc option to accept ISO C89
configure:3129: cc  -c -g -O2  conftest.c >&5
configure:3129: $? = 0
configure:3142: result: none needed
configure:3168: checking how to run the C preprocessor
configure:3199: cc -E  conftest.c
configure:3199: $? = 0
configure:3213: cc -E  conftest.c
conftest.c:9:10: fatal error: 'ac_nonexistent.h' file not found
#include <ac_nonexistent.h>
         ^
1 error generated.
configure:3213: $? = 1
configure: failed program was:
| /* confdefs.h */
| #define PACKAGE_NAME ""
| #define PACKAGE_TARNAME ""
| #define PACKAGE_VERSION ""
| #define PACKAGE_STRING ""
| #define PACKAGE_BUGREPORT ""
| #define PACKAGE_URL ""
| /* end confdefs.h.  */
| #include <ac_nonexistent.h>
configure:3238: result: cc -E
configure:3258: cc -E  conftest.c
configure:3258: $? = 0
configure:3272: cc -E  conftest.c
conftest.c:9:10: fatal error: 'ac_nonexistent.h' file not found
#include <ac_nonexistent.h>
         ^
1 error generated.
configure:3272: $? = 1
configure: failed program was:
| /* confdefs.h */
| #define PACKAGE_NAME ""
| #define PACKAGE_TARNAME ""
| #define PACKAGE_VERSION ""
| #define PACKAGE_STRING ""
| #define PACKAGE_BUGREPORT ""
| #define PACKAGE_URL ""
| /* end confdefs.h.  */
| #include <ac_nonexistent.h>
configure:3303: checking for icc
configure:3312: result: no
configure:3326: checking for suncc
configure:3335: result: no
configure:3353: checking whether cc understands -c and -o together
configure:3381: cc -c conftest.c -o conftest2.o >&5
configure:3385: $? = 0
configure:3391: cc -c conftest.c -o conftest2.o >&5
configure:3395: $? = 0
configure:3450: result: yes
configure:3464: checking for system library directory
configure:3479: result: lib
configure:3486: checking if compiler supports -R
configure:3505: cc -o conftest -g -O2   conftest.c -R /usr/lib  >&5
warning: unknown remark option '-R' [-Wunknown-warning-option]
1 warning generated.
ld: can't map file, errno=22 file '/usr/lib' for architecture x86_64
clang: error: linker command failed with exit code 1 (use -v to see invocation)
configure:3505: $? = 1
configure: failed program was:
| /* confdefs.h */
| #define PACKAGE_NAME ""
| #define PACKAGE_TARNAME ""
| #define PACKAGE_VERSION ""
| #define PACKAGE_STRING ""
| #define PACKAGE_BUGREPORT ""
| #define PACKAGE_URL ""
| /* end confdefs.h.  */
| 
| int
| main ()
| {
| 
|   ;
|   return 0;
| }
configure:3515: result: no
configure:3520: checking if compiler supports -Wl,-rpath,
configure:3539: cc -o conftest -g -O2   conftest.c -Wl,-rpath,/usr/lib  >&5
configure:3539: $? = 0
configure:3549: result: yes
configure:3594: checking build system type
configure:3608: result: x86_64-apple-darwin15.0.0
configure:3628: checking host system type
configure:3641: result: x86_64-apple-darwin15.0.0
configure:3661: checking target system type
configure:3674: result: x86_64-apple-darwin15.0.0
configure:3777: checking for PHP prefix
configure:3779: result: /usr/local
configure:3781: checking for PHP includes
configure:3783: result: -I/usr/local/include/php -I/usr/local/include/php/main -I/usr/local/include/php/TSRM -I/usr/local/include/php/Zend -I/usr/local/include/php/ext -I/usr/local/include/php/ext/date/lib
configure:3785: checking for PHP extension directory
configure:3787: result: /usr/local/lib/php/extensions/debug-non-zts-20160303
configure:3789: checking for PHP installed headers prefix
configure:3791: result: /usr/local/include/php
configure:3794: checking if debug is enabled
configure:3820: result: yes
configure:3823: checking if zts is enabled
configure:3849: result: no
configure:3920: checking for re2c
configure:3950: result: no
configure:3975: WARNING: You will need re2c 0.13.4 or later if you want to regenerate PHP parsers.
configure:3989: checking for gawk
configure:4020: result: no
configure:3989: checking for nawk
configure:4020: result: no
configure:3989: checking for awk
configure:4006: found /usr/bin/awk
configure:4017: result: awk
configure:4040: checking if awk is broken
configure:4047: result: no
configure:4061: checking whether to enable Xdebug support
configure:4100: result: yes, shared
configure:4109: checking whether to enable Xdebug developer build flags
configure:4123: result: no
configure:4131: checking Check for supported PHP versions
configure:4141: result: supported (7.2.0-dev)
configure:4155: checking for gettimeofday
configure:4155: cc -o conftest -g  -O0 -I/usr/local/include/php -I/usr/local/include/php/main -I/usr/local/include/php/TSRM -I/usr/local/include/php/Zend -I/usr/local/include/php/ext -I/usr/local/include/php/ext/date/lib   conftest.c  >&5
configure:4155: $? = 0
configure:4155: result: yes
configure:4164: checking for ANSI C header files
configure:4184: cc -c -g  -O0 -I/usr/local/include/php -I/usr/local/include/php/main -I/usr/local/include/php/TSRM -I/usr/local/include/php/Zend -I/usr/local/include/php/ext -I/usr/local/include/php/ext/date/lib  conftest.c >&5
configure:4184: $? = 0
configure:4257: cc -o conftest -g  -O0 -I/usr/local/include/php -I/usr/local/include/php/main -I/usr/local/include/php/TSRM -I/usr/local/include/php/Zend -I/usr/local/include/php/ext -I/usr/local/include/php/ext/date/lib   conftest.c  >&5
configure:4257: $? = 0
configure:4257: ./conftest
configure:4257: $? = 0
configure:4268: result: yes
configure:4281: checking for sys/types.h
configure:4281: cc -c -g  -O0 -I/usr/local/include/php -I/usr/local/include/php/main -I/usr/local/include/php/TSRM -I/usr/local/include/php/Zend -I/usr/local/include/php/ext -I/usr/local/include/php/ext/date/lib  conftest.c >&5
configure:4281: $? = 0
configure:4281: result: yes
configure:4281: checking for sys/stat.h
configure:4281: cc -c -g  -O0 -I/usr/local/include/php -I/usr/local/include/php/main -I/usr/local/include/php/TSRM -I/usr/local/include/php/Zend -I/usr/local/include/php/ext -I/usr/local/include/php/ext/date/lib  conftest.c >&5
configure:4281: $? = 0
configure:4281: result: yes
configure:4281: checking for stdlib.h
configure:4281: cc -c -g  -O0 -I/usr/local/include/php -I/usr/local/include/php/main -I/usr/local/include/php/TSRM -I/usr/local/include/php/Zend -I/usr/local/include/php/ext -I/usr/local/include/php/ext/date/lib  conftest.c >&5
configure:4281: $? = 0
configure:4281: result: yes
configure:4281: checking for string.h
configure:4281: cc -c -g  -O0 -I/usr/local/include/php -I/usr/local/include/php/main -I/usr/local/include/php/TSRM -I/usr/local/include/php/Zend -I/usr/local/include/php/ext -I/usr/local/include/php/ext/date/lib  conftest.c >&5
configure:4281: $? = 0
configure:4281: result: yes
configure:4281: checking for memory.h
configure:4281: cc -c -g  -O0 -I/usr/local/include/php -I/usr/local/include/php/main -I/usr/local/include/php/TSRM -I/usr/local/include/php/Zend -I/usr/local/include/php/ext -I/usr/local/include/php/ext/date/lib  conftest.c >&5
configure:4281: $? = 0
configure:4281: result: yes
configure:4281: checking for strings.h
configure:4281: cc -c -g  -O0 -I/usr/local/include/php -I/usr/local/include/php/main -I/usr/local/include/php/TSRM -I/usr/local/include/php/Zend -I/usr/local/include/php/ext -I/usr/local/include/php/ext/date/lib  conftest.c >&5
configure:4281: $? = 0
configure:4281: result: yes
configure:4281: checking for inttypes.h
configure:4281: cc -c -g  -O0 -I/usr/local/include/php -I/usr/local/include/php/main -I/usr/local/include/php/TSRM -I/usr/local/include/php/Zend -I/usr/local/include/php/ext -I/usr/local/include/php/ext/date/lib  conftest.c >&5
configure:4281: $? = 0
configure:4281: result: yes
configure:4281: checking for stdint.h
configure:4281: cc -c -g  -O0 -I/usr/local/include/php -I/usr/local/include/php/main -I/usr/local/include/php/TSRM -I/usr/local/include/php/Zend -I/usr/local/include/php/ext -I/usr/local/include/php/ext/date/lib  conftest.c >&5
configure:4281: $? = 0
configure:4281: result: yes
configure:4281: checking for unistd.h
configure:4281: cc -c -g  -O0 -I/usr/local/include/php -I/usr/local/include/php/main -I/usr/local/include/php/TSRM -I/usr/local/include/php/Zend -I/usr/local/include/php/ext -I/usr/local/include/php/ext/date/lib  conftest.c >&5
configure:4281: $? = 0
configure:4281: result: yes
configure:4296: checking netinet/in.h usability
configure:4296: cc -c -g  -O0 -I/usr/local/include/php -I/usr/local/include/php/main -I/usr/local/include/php/TSRM -I/usr/local/include/php/Zend -I/usr/local/include/php/ext -I/usr/local/include/php/ext/date/lib  conftest.c >&5
configure:4296: $? = 0
configure:4296: result: yes
configure:4296: checking netinet/in.h presence
configure:4296: cc -E -I/usr/local/include/php -I/usr/local/include/php/main -I/usr/local/include/php/TSRM -I/usr/local/include/php/Zend -I/usr/local/include/php/ext -I/usr/local/include/php/ext/date/lib  conftest.c
configure:4296: $? = 0
configure:4296: result: yes
configure:4296: checking for netinet/in.h
configure:4296: result: yes
configure:4296: checking poll.h usability
configure:4296: cc -c -g  -O0 -I/usr/local/include/php -I/usr/local/include/php/main -I/usr/local/include/php/TSRM -I/usr/local/include/php/Zend -I/usr/local/include/php/ext -I/usr/local/include/php/ext/date/lib  conftest.c >&5
configure:4296: $? = 0
configure:4296: result: yes
configure:4296: checking poll.h presence
configure:4296: cc -E -I/usr/local/include/php -I/usr/local/include/php/main -I/usr/local/include/php/TSRM -I/usr/local/include/php/Zend -I/usr/local/include/php/ext -I/usr/local/include/php/ext/date/lib  conftest.c
configure:4296: $? = 0
configure:4296: result: yes
configure:4296: checking for poll.h
configure:4296: result: yes
configure:4296: checking sys/poll.h usability
configure:4296: cc -c -g  -O0 -I/usr/local/include/php -I/usr/local/include/php/main -I/usr/local/include/php/TSRM -I/usr/local/include/php/Zend -I/usr/local/include/php/ext -I/usr/local/include/php/ext/date/lib  conftest.c >&5
configure:4296: $? = 0
configure:4296: result: yes
configure:4296: checking sys/poll.h presence
configure:4296: cc -E -I/usr/local/include/php -I/usr/local/include/php/main -I/usr/local/include/php/TSRM -I/usr/local/include/php/Zend -I/usr/local/include/php/ext -I/usr/local/include/php/ext/date/lib  conftest.c
configure:4296: $? = 0
configure:4296: result: yes
configure:4296: checking for sys/poll.h
configure:4296: result: yes
configure:4402: checking for cos in -lm
configure:4427: cc -o conftest -g  -O0 -I/usr/local/include/php -I/usr/local/include/php/main -I/usr/local/include/php/TSRM -I/usr/local/include/php/Zend -I/usr/local/include/php/ext -I/usr/local/include/php/ext/date/lib   conftest.c -lm   >&5
conftest.c:31:6: warning: incompatible redeclaration of library function 'cos' [-Wincompatible-library-redeclaration]
char cos ();
     ^
conftest.c:31:6: note: 'cos' is a builtin with type 'double (double)'
1 warning generated.
configure:4427: $? = 0
configure:4436: result: yes
configure:5999: checking for ld used by cc
configure:6066: result: /Library/Developer/CommandLineTools/usr/bin/ld
configure:6073: checking if the linker (/Library/Developer/CommandLineTools/usr/bin/ld) is GNU ld
configure:6088: result: no
configure:6093: checking for /Library/Developer/CommandLineTools/usr/bin/ld option to reload object files
configure:6100: result: -r
configure:6118: checking for BSD-compatible nm
configure:6167: result: /usr/bin/nm -B
configure:6171: checking whether ln -s works
configure:6175: result: yes
configure:6182: checking how to recognize dependent libraries
configure:6368: result: pass_all
configure:6588: checking dlfcn.h usability
configure:6588: cc -c -g  -O0  conftest.c >&5
configure:6588: $? = 0
configure:6588: result: yes
configure:6588: checking dlfcn.h presence
configure:6588: cc -E  conftest.c
configure:6588: $? = 0
configure:6588: result: yes
configure:6588: checking for dlfcn.h
configure:6588: result: yes
configure:6610: checking the maximum length of command line arguments
configure:6722: result: 196608
configure:6734: checking command to parse /usr/bin/nm -B output from cc object
configure:6839: cc -c -g  -O0  conftest.c >&5
configure:6842: $? = 0
configure:6846: /usr/bin/nm -B conftest.o \| sed -n -e 's/^.*[ 	]\([BCDEGRST][BCDEGRST]*\)[ 	][ 	]*\([_A-Za-z][_A-Za-z0-9]*\)$/\1 \2 \2/p' \> conftest.nm
configure:6849: $? = 0
cannot find nm_test_var in conftest.nm
configure:6839: cc -c -g  -O0  conftest.c >&5
configure:6842: $? = 0
configure:6846: /usr/bin/nm -B conftest.o \| sed -n -e 's/^.*[ 	]\([BCDEGRST][BCDEGRST]*\)[ 	][ 	]*_\([_A-Za-z][_A-Za-z0-9]*\)$/\1 _\2 \2/p' \> conftest.nm
configure:6849: $? = 0
configure:6901: cc -o conftest -g  -O0   conftest.c conftstm.o >&5
warning: (x86_64)  could not find object file symbol for symbol _main
configure:6904: $? = 0
configure:6942: result: ok
configure:6946: checking for objdir
configure:6961: result: .libs
configure:7053: checking for ar
configure:7069: found /usr/bin/ar
configure:7080: result: ar
configure:7145: checking for ranlib
configure:7161: found /usr/bin/ranlib
configure:7172: result: ranlib
configure:7237: checking for strip
configure:7253: found /usr/bin/strip
configure:7264: result: strip
configure:7517: checking for dsymutil
configure:7533: found /usr/bin/dsymutil
configure:7544: result: dsymutil
configure:7609: checking for nmedit
configure:7625: found /usr/bin/nmedit
configure:7636: result: nmedit
configure:7659: checking for -single_module linker flag
configure:7680: result: yes
configure:7682: checking for -exported_symbols_list linker flag
configure:7698: cc -o conftest -g  -O0   -Wl,-exported_symbols_list,conftest.sym conftest.c  >&5
configure:7701: $? = 0
configure:7715: result: yes
configure:7833: checking if cc supports -fno-rtti -fno-exceptions
configure:7851: cc -c -g  -O0  -fno-rtti -fno-exceptions conftest.c >&5
configure:7855: $? = 0
configure:7868: result: yes
configure:7883: checking for cc option to produce PIC
configure:8123: result: -fno-common
configure:8131: checking if cc PIC flag -fno-common works
configure:8149: cc -c -g  -O0  -fno-common -DPIC conftest.c >&5
configure:8153: $? = 0
configure:8166: result: yes
configure:8194: checking if cc static flag -static works
configure:8222: result: no
configure:8232: checking if cc supports -c -o file.o
configure:8253: cc -c -g  -O0  -o out/conftest2.o conftest.c >&5
configure:8257: $? = 0
configure:8279: result: yes
configure:8305: checking whether the cc linker (/Library/Developer/CommandLineTools/usr/bin/ld) supports shared libraries
configure:9233: result: yes
configure:9300: checking dynamic linker characteristics
configure:9898: result: darwin15.0.0 dyld
configure:9922: checking how to hardcode library paths into programs
configure:9947: result: immediate
configure:9961: checking whether stripping libraries is possible
configure:9975: result: yes
configure:10483: checking if libtool supports shared libraries
configure:10485: result: yes
configure:10488: checking whether to build shared libraries
configure:10509: result: yes
configure:10512: checking whether to build static libraries
configure:10516: result: no
configure:10611: result:
creating libtool
configure:14310: creating ./config.status

## ---------------------- ##
## Running config.status. ##
## ---------------------- ##

This file was extended by config.status, which was
generated by GNU Autoconf 2.69.  Invocation command line was

  CONFIG_FILES    = 
  CONFIG_HEADERS  = 
  CONFIG_LINKS    = 
  CONFIG_COMMANDS = 
  $ ./config.status 

on localhost

config.status:681: creating config.h
config.status:771: config.h is unchanged

## ---------------- ##
## Cache variables. ##
## ---------------- ##

ac_cv_build=x86_64-apple-darwin15.0.0
ac_cv_c_compiler_gnu=yes
ac_cv_env_CC_set=
ac_cv_env_CC_value=
ac_cv_env_CFLAGS_set=
ac_cv_env_CFLAGS_value=
ac_cv_env_CPPFLAGS_set=
ac_cv_env_CPPFLAGS_value=
ac_cv_env_CPP_set=
ac_cv_env_CPP_value=
ac_cv_env_LDFLAGS_set=
ac_cv_env_LDFLAGS_value=
ac_cv_env_LIBS_set=
ac_cv_env_LIBS_value=
ac_cv_env_build_alias_set=
ac_cv_env_build_alias_value=
ac_cv_env_host_alias_set=
ac_cv_env_host_alias_value=
ac_cv_env_target_alias_set=
ac_cv_env_target_alias_value=
ac_cv_func_gettimeofday=yes
ac_cv_header_dlfcn_h=yes
ac_cv_header_inttypes_h=yes
ac_cv_header_memory_h=yes
ac_cv_header_netinet_in_h=yes
ac_cv_header_poll_h=yes
ac_cv_header_stdc=yes
ac_cv_header_stdint_h=yes
ac_cv_header_stdlib_h=yes
ac_cv_header_string_h=yes
ac_cv_header_strings_h=yes
ac_cv_header_sys_poll_h=yes
ac_cv_header_sys_stat_h=yes
ac_cv_header_sys_types_h=yes
ac_cv_header_unistd_h=yes
ac_cv_host=x86_64-apple-darwin15.0.0
ac_cv_lib_m_cos=yes
ac_cv_objext=o
ac_cv_path_EGREP='/usr/bin/grep -E'
ac_cv_path_GREP=/usr/bin/grep
ac_cv_prog_AWK=awk
ac_cv_prog_CPP='cc -E'
ac_cv_prog_ac_ct_AR=ar
ac_cv_prog_ac_ct_CC=cc
ac_cv_prog_ac_ct_DSYMUTIL=dsymutil
ac_cv_prog_ac_ct_NMEDIT=nmedit
ac_cv_prog_ac_ct_RANLIB=ranlib
ac_cv_prog_ac_ct_STRIP=strip
ac_cv_prog_cc_c89=
ac_cv_prog_cc_cc_c_o=yes
ac_cv_prog_cc_g=yes
ac_cv_target=x86_64-apple-darwin15.0.0
lt_cv_apple_cc_single_mod=yes
lt_cv_deplibs_check_method=pass_all
lt_cv_file_magic_cmd='$MAGIC_CMD'
lt_cv_file_magic_test_file=
lt_cv_ld_exported_symbols_list=yes
lt_cv_ld_reload_flag=-r
lt_cv_objdir=.libs
lt_cv_path_LD=/Library/Developer/CommandLineTools/usr/bin/ld
lt_cv_path_NM='/usr/bin/nm -B'
lt_cv_path_SED=/usr/bin/sed
lt_cv_prog_compiler_c_o=yes
lt_cv_prog_compiler_pic_works=yes
lt_cv_prog_compiler_rtti_exceptions=yes
lt_cv_prog_compiler_static_works=no
lt_cv_prog_gnu_ld=no
lt_cv_sys_global_symbol_pipe='sed -n -e '\''s/^.*[ 	]\([BCDEGRST][BCDEGRST]*\)[ 	][ 	]*_\([_A-Za-z][_A-Za-z0-9]*\)$/\1 _\2 \2/p'\'''
lt_cv_sys_global_symbol_to_c_name_address='sed -n -e '\''s/^: \([^ ]*\) $/  {\"\1\", (lt_ptr) 0},/p'\'' -e '\''s/^[BCDEGRST] \([^ ]*\) \([^ ]*\)$/  {"\2", (lt_ptr) \&\2},/p'\'''
lt_cv_sys_global_symbol_to_cdecl='sed -n -e '\''s/^. .* \(.*\)$/extern int \1;/p'\'''
lt_cv_sys_lib_dlsearch_path_spec='/usr/local/lib /lib /usr/lib'
lt_cv_sys_lib_search_path_spec='/Library/Developer/CommandLineTools/usr/lib/clang/8.0.0 /usr/local/lib'
lt_cv_sys_max_cmd_len=196608
lt_lt_cv_prog_compiler_c_o='"yes"'
lt_lt_cv_sys_global_symbol_pipe='"sed -n -e '\''s/^.*[ 	]\\([BCDEGRST][BCDEGRST]*\\)[ 	][ 	]*_\\([_A-Za-z][_A-Za-z0-9]*\\)\$/\\1 _\\2 \\2/p'\''"'
lt_lt_cv_sys_global_symbol_to_c_name_address='"sed -n -e '\''s/^: \\([^ ]*\\) \$/  {\\\"\\1\\\", (lt_ptr) 0},/p'\'' -e '\''s/^[BCDEGRST] \\([^ ]*\\) \\([^ ]*\\)\$/  {\"\\2\", (lt_ptr) \\&\\2},/p'\''"'
lt_lt_cv_sys_global_symbol_to_cdecl='"sed -n -e '\''s/^. .* \\(.*\\)\$/extern int \\1;/p'\''"'
php_cv_cc_dashr=no
php_cv_cc_rpath=yes

## ----------------- ##
## Output variables. ##
## ----------------- ##

AR='ar'
AWK='awk'
CC='cc'
CFLAGS='-g  -O0'
CONFIGURE_COMMAND=' '\''./configure'\'' '
CONFIGURE_OPTIONS=''
CPP='cc -E'
CPPFLAGS=' -DHAVE_CONFIG_H'
DEFS='-DHAVE_CONFIG_H'
DSYMUTIL='dsymutil'
ECHO='/bin/echo'
ECHO_C='\c'
ECHO_N=''
ECHO_T=''
EGREP='/usr/bin/grep -E'
EXEEXT=''
GREP='/usr/bin/grep'
LDFLAGS=''
LIBOBJS=''
LIBS=''
LIBTOOL='$(SHELL) $(top_builddir)/libtool'
LN_S='ln -s'
LTLIBOBJS=''
NMEDIT='nmedit'
OBJEXT='o'
PACKAGE_BUGREPORT=''
PACKAGE_NAME=''
PACKAGE_STRING=''
PACKAGE_TARNAME=''
PACKAGE_URL=''
PACKAGE_VERSION=''
PATH_SEPARATOR=':'
RANLIB='ranlib'
RE2C='exit 0;'
SED='/usr/bin/sed'
SHELL='/bin/sh'
SHLIB_DL_SUFFIX_NAME='so'
SHLIB_SUFFIX_NAME='dylib'
STRIP='strip'
ac_ct_CC='cc'
bindir='${exec_prefix}/bin'
build='x86_64-apple-darwin15.0.0'
build_alias=''
build_cpu='x86_64'
build_os='darwin15.0.0'
build_vendor='apple'
datadir='${datarootdir}'
datarootdir='${prefix}/share'
docdir='${datarootdir}/doc/${PACKAGE}'
dvidir='${docdir}'
exec_prefix='$(prefix)'
host='x86_64-apple-darwin15.0.0'
host_alias='x86_64-apple-darwin15.0.0'
host_cpu='x86_64'
host_os='darwin15.0.0'
host_vendor='apple'
htmldir='${docdir}'
includedir='${prefix}/include'
infodir='${datarootdir}/info'
libdir='${exec_prefix}/lib'
libexecdir='${exec_prefix}/libexec'
localedir='${datarootdir}/locale'
localstatedir='${prefix}/var'
mandir='${datarootdir}/man'
oldincludedir='/usr/include'
pdfdir='${docdir}'
prefix='/usr/local'
program_transform_name='s,x,x,'
psdir='${docdir}'
sbindir='${exec_prefix}/sbin'
sharedstatedir='${prefix}/com'
sysconfdir='${prefix}/etc'
target='x86_64-apple-darwin15.0.0'
target_alias=''
target_cpu='x86_64'
target_os='darwin15.0.0'
target_vendor='apple'

## ----------- ##
## confdefs.h. ##
## ----------- ##

/* confdefs.h */
#define PACKAGE_NAME ""
#define PACKAGE_TARNAME ""
#define PACKAGE_VERSION ""
#define PACKAGE_STRING ""
#define PACKAGE_BUGREPORT ""
#define PACKAGE_URL ""
#define HAVE_XDEBUG 1
#define HAVE_GETTIMEOFDAY 1
#define STDC_HEADERS 1
#define HAVE_SYS_TYPES_H 1
#define HAVE_SYS_STAT_H 1
#define HAVE_STDLIB_H 1
#define HAVE_STRING_H 1
#define HAVE_MEMORY_H 1
#define HAVE_STRINGS_H 1
#define HAVE_INTTYPES_H 1
#define HAVE_STDINT_H 1
#define HAVE_UNISTD_H 1
#define HAVE_NETINET_IN_H 1
#define HAVE_POLL_H 1
#define HAVE_SYS_POLL_H 1
#define COMPILE_DL_XDEBUG 1
#define HAVE_DLFCN_H 1

configure: exit 0
